..............................                                           [100%]
================================ tests coverage ================================
_______________ coverage: platform linux, python 3.12.3-final-0 ________________

Name                            Stmts   Miss Branch BrPart  Cover   Missing
---------------------------------------------------------------------------
src/minidatabase/Parser.py        138      8     50      7    92%   77->exit, 88-89, 93-94, 105, 109, 112-113, 181->exit
src/minidatabase/TokenType.py      49      1      0      0    98%   18
src/minidatabase/Tokenizer.py     164     10     90      6    93%   14-17, 35->60, 53-57, 66->78, 163, 165, 173
src/minidatabase/__init__.py       20     14      0      0    30%   9-15, 18-25
src/minidatabase/ast.py            37      0      0      0   100%
---------------------------------------------------------------------------
TOTAL                             408     33    140     13    91%
30 passed in 0.08s
