..................................                                       [100%]
================================ tests coverage ================================
_______________ coverage: platform linux, python 3.12.3-final-0 ________________

Name                            Stmts   Miss Branch BrPart  Cover   Missing
---------------------------------------------------------------------------
src/minidatabase/Operator.py       11      3      0      0    73%   7, 11, 15
src/minidatabase/Parser.py        157      8     56      6    93%   89-90, 94-95, 106, 110, 113-114, 204->exit
src/minidatabase/SeqScan.py        33      0     10      1    98%   41->43
src/minidatabase/TokenType.py      49      1      0      0    98%   18
src/minidatabase/Tokenizer.py     166     10     90      6    93%   14-17, 35->59, 52-56, 65->77, 161, 163, 171
src/minidatabase/__init__.py       20     14      0      0    30%   9-15, 18-25
src/minidatabase/ast.py            37      0      0      0   100%
---------------------------------------------------------------------------
TOTAL                             473     36    156     13    92%
34 passed in 0.09s
